Requirement already satisfied: librosa in /zhome/bd/0/137202/.local/lib/python3.6/site-packages
Requirement already satisfied: scikit-learn!=0.19.0,>=0.14.0 in /zhome/bd/0/137202/.local/lib/python3.6/site-packages (from librosa)
Requirement already satisfied: six>=1.3 in /zhome/bd/0/137202/.local/lib/python3.6/site-packages (from librosa)
Requirement already satisfied: decorator>=3.0.0 in /zhome/bd/0/137202/.local/lib/python3.6/site-packages (from librosa)
Requirement already satisfied: scipy>=1.0.0 in /zhome/bd/0/137202/.local/lib/python3.6/site-packages (from librosa)
Requirement already satisfied: numba>=0.43.0 in /zhome/bd/0/137202/.local/lib/python3.6/site-packages (from librosa)
Requirement already satisfied: resampy>=0.2.2 in /zhome/bd/0/137202/.local/lib/python3.6/site-packages (from librosa)
Requirement already satisfied: soundfile>=0.9.0 in /zhome/bd/0/137202/.local/lib/python3.6/site-packages (from librosa)
Requirement already satisfied: joblib>=0.12 in /zhome/bd/0/137202/.local/lib/python3.6/site-packages (from librosa)
Requirement already satisfied: numpy>=1.15.0 in /zhome/bd/0/137202/.local/lib/python3.6/site-packages (from librosa)
Requirement already satisfied: audioread>=2.0.0 in /zhome/bd/0/137202/.local/lib/python3.6/site-packages (from librosa)
Requirement already satisfied: llvmlite<0.32.0,>=0.31.0dev0 in /zhome/bd/0/137202/.local/lib/python3.6/site-packages (from numba>=0.43.0->librosa)
Requirement already satisfied: setuptools in /appl/python/3.6.2/lib/python3.6/site-packages (from numba>=0.43.0->librosa)
Requirement already satisfied: cffi>=1.0 in /zhome/bd/0/137202/.local/lib/python3.6/site-packages (from soundfile>=0.9.0->librosa)
Requirement already satisfied: pycparser in /zhome/bd/0/137202/.local/lib/python3.6/site-packages (from cffi>=1.0->soundfile>=0.9.0->librosa)
processing train set, 177184 files
processing 0 files
processing 500 files
processing 1000 files
processing 1500 files
processing 2000 files
processing 2500 files
processing 3000 files
processing 3500 files
processing 4000 files
processing 4500 files
processing 5000 files
processing 5500 files
processing 6000 files
processing 6500 files
processing 7000 files
processing 7500 files
processing 8000 files
processing 8500 files
processing 9000 files
processing 9500 files
processing 10000 files
processing 10500 files
processing 11000 files
processing 11500 files
processing 12000 files
processing 12500 files
processing 13000 files
processing 13500 files
processing 14000 files
processing 14500 files
processing 15000 files
processing 15500 files
processing 16000 files
processing 16500 files
processing 17000 files
processing 17500 files
processing 18000 files
processing 18500 files
processing 19000 files
processing 19500 files
processing 20000 files
processing 20500 files
processing 21000 files
processing 21500 files
processing 22000 files
processing 22500 files
processing 23000 files
processing 23500 files
processing 24000 files
processing 24500 files
processing 25000 files
processing 25500 files
processing 26000 files
processing 26500 files
processing 27000 files
processing 27500 files
processing 28000 files
processing 28500 files
processing 29000 files
processing 29500 files
processing 30000 files
processing 30500 files
processing 31000 files
processing 31500 files
processing 32000 files
processing 32500 files
processing 33000 files
processing 33500 files
processing 34000 files
processing 34500 files
processing 35000 files
processing 35500 files
processing 36000 files
processing 36500 files
processing 37000 files
processing 37500 files
processing 38000 files
processing 38500 files
processing 39000 files
processing 39500 files
processing 40000 files
processing 40500 files
processing 41000 files
processing 41500 files
processing 42000 files
processing 42500 files
processing 43000 files
processing 43500 files
processing 44000 files
processing 44500 files
processing 45000 files
processing 45500 files
processing 46000 files
processing 46500 files
processing 47000 files
processing 47500 files
processing 48000 files
processing 48500 files
processing 49000 files
processing 49500 files
processing 50000 files
processing 50500 files
processing 51000 files
processing 51500 files
processing 52000 files
processing 52500 files
processing 53000 files
processing 53500 files
processing 54000 files
processing 54500 files
processing 55000 files
processing 55500 files
processing 56000 files
processing 56500 files
processing 57000 files
processing 57500 files
processing 58000 files
processing 58500 files
processing 59000 files
processing 59500 files
processing 60000 files
processing 60500 files
processing 61000 files
processing 61500 files
processing 62000 files
processing 62500 files
processing 63000 files
processing 63500 files
processing 64000 files
processing 64500 files
processing 65000 files
processing 65500 files
processing 66000 files
processing 66500 files
processing 67000 files
processing 67500 files
processing 68000 files
processing 68500 files
processing 69000 files
processing 69500 files
processing 70000 files
processing 70500 files
processing 71000 files
processing 71500 files
processing 72000 files
processing 72500 files
processing 73000 files
processing 73500 files
processing 74000 files
processing 74500 files
processing 75000 files
processing 75500 files
processing 76000 files
processing 76500 files
processing 77000 files
processing 77500 files
processing 78000 files
processing 78500 files
processing 79000 files
processing 79500 files
processing 80000 files
processing 80500 files
processing 81000 files
processing 81500 files
processing 82000 files
processing 82500 files
processing 83000 files
processing 83500 files
processing 84000 files

------------------------------------------------------------
Sender: LSF System <lsfadmin@n-62-11-13>
Subject: Job 7038695: <Norm> in cluster <dcc> Exited

Job <Norm> was submitted from host <n-62-30-7> by user <s183921> in cluster <dcc> at Sun May 31 15:30:15 2020
Job was executed on host(s) <4*n-62-11-13>, in queue <gpuv100>, as user <s183921> in cluster <dcc> at Sun May 31 15:30:17 2020
</zhome/bd/0/137202> was used as the home directory.
</work1/s183921/fagprojekt2020> was used as the working directory.
Started at Sun May 31 15:30:17 2020
Terminated at Sun May 31 18:30:40 2020
Results reported at Sun May 31 18:30:40 2020

Your job looked like:

------------------------------------------------------------
# LSBATCH: User input
#!/bin/sh
### General options
###  specify queue --
#BSUB -q gpuv100
### Mulige gpu clusters gpuv100, gpuk80 og gpuk40
### -- Ask for number of cores
#BSUB -n 4
### -- Specify that the process should be run exclusively on a gpu
#BSUB -gpu "num=1:mode=exclusive_process"
### -- set the job Name --
#BSUB -J Norm 
### -- set walltime limit: hh:mm --  maximum 24 hours for GPU-queues right now
#BSUB -W 4:00
# request 10GB of system-memory
#BSUB -R "rusage[mem=10GB]"
### User email address
#BSUB -u s183921@student.dtu.dk
### -- send notification at completion--
##BSUB -N
### -- Specify the output and error file. %J is the job-id --
### -- -o and -e mean append, -oo and -eo mean overwrite --
#BSUB -oo output_%J.out
#BSUB -eo error_%J.err
# -- end of LSF options --

#Load modules
module load python3

pip3 install librosa

cd preprocess/spraakbanken/vae
./run.sh

------------------------------------------------------------

Exited with exit code 1.

Resource usage summary:

    CPU time :                                   8642.20 sec.
    Max Memory :                                 30690 MB
    Average Memory :                             17815.36 MB
    Total Requested Memory :                     40960.00 MB
    Delta Memory :                               10270.00 MB
    Max Swap :                                   -
    Max Processes :                              5
    Max Threads :                                6
    Run time :                                   10822 sec.
    Turnaround time :                            10825 sec.

The output (if any) is above this job summary.



PS:

Read file <error_7038695.err> for stderr output of this job.

