
------------------------------------------------------------
Sender: LSF System <lsfadmin@n-62-11-14>
Subject: Job 7041294: <Norm> in cluster <dcc> Exited

Job <Norm> was submitted from host <n-62-30-6> by user <s183921> in cluster <dcc> at Mon Jun  1 08:59:17 2020
Job was executed on host(s) <4*n-62-11-14>, in queue <gpuv100>, as user <s183921> in cluster <dcc> at Mon Jun  1 08:59:18 2020
</zhome/bd/0/137202> was used as the home directory.
</work1/s183921/fagprojekt2020> was used as the working directory.
Started at Mon Jun  1 08:59:18 2020
Terminated at Mon Jun  1 08:59:20 2020
Results reported at Mon Jun  1 08:59:20 2020

Your job looked like:

------------------------------------------------------------
# LSBATCH: User input
#!/bin/sh
### General options
###  specify queue --
#BSUB -q gpuv100
### Mulige gpu clusters gpuv100, gpuk80 og gpuk40
### -- Ask for number of cores
#BSUB -n 4
### -- Specify that the process should be run exclusively on a gpu
#BSUB -gpu "num=1:mode=exclusive_process"
### -- set the job Name --
#BSUB -J Norm 
### -- set walltime limit: hh:mm --  maximum 24 hours for GPU-queues right now
#BSUB -W 10:00
# request 10GB of system-memory
#BSUB -R "rusage[mem=10GB]"
### User email address
#BSUB -u s183921@student.dtu.dk
### -- send notification at completion--
##BSUB -N
### -- Specify the output and error file. %J is the job-id --
### -- -o and -e mean append, -oo and -eo mean overwrite --
#BSUB -oo output_%J.out
#BSUB -eo error_%J.err
# -- end of LSF options --

#Load modules
module load python3

cd preprocess/spraakbanken
python3 files.py

------------------------------------------------------------

Exited with exit code 1.

Resource usage summary:

    CPU time :                                   0.30 sec.
    Max Memory :                                 -
    Average Memory :                             -
    Total Requested Memory :                     40960.00 MB
    Delta Memory :                               -
    Max Swap :                                   -
    Max Processes :                              -
    Max Threads :                                -
    Run time :                                   19 sec.
    Turnaround time :                            3 sec.

The output (if any) is above this job summary.



PS:

Read file <error_7041294.err> for stderr output of this job.

