Requirement already satisfied: librosa in ./preprocess_stargan_env/lib/python3.6/site-packages
Requirement already satisfied: numpy>=1.15.0 in ./preprocess_stargan_env/lib/python3.6/site-packages (from librosa)
Requirement already satisfied: scikit-learn!=0.19.0,>=0.14.0 in ./preprocess_stargan_env/lib/python3.6/site-packages (from librosa)
Requirement already satisfied: decorator>=3.0.0 in ./preprocess_stargan_env/lib/python3.6/site-packages (from librosa)
Requirement already satisfied: numba>=0.43.0 in ./preprocess_stargan_env/lib/python3.6/site-packages (from librosa)
Requirement already satisfied: scipy>=1.0.0 in ./preprocess_stargan_env/lib/python3.6/site-packages (from librosa)
Requirement already satisfied: soundfile>=0.9.0 in ./preprocess_stargan_env/lib/python3.6/site-packages (from librosa)
Requirement already satisfied: audioread>=2.0.0 in ./preprocess_stargan_env/lib/python3.6/site-packages (from librosa)
Requirement already satisfied: resampy>=0.2.2 in ./preprocess_stargan_env/lib/python3.6/site-packages (from librosa)
Requirement already satisfied: six>=1.3 in ./preprocess_stargan_env/lib/python3.6/site-packages (from librosa)
Requirement already satisfied: joblib>=0.12 in ./preprocess_stargan_env/lib/python3.6/site-packages (from librosa)
Requirement already satisfied: threadpoolctl>=2.0.0 in ./preprocess_stargan_env/lib/python3.6/site-packages (from scikit-learn!=0.19.0,>=0.14.0->librosa)
Requirement already satisfied: llvmlite<=0.33.0.dev0,>=0.31.0.dev0 in ./preprocess_stargan_env/lib/python3.6/site-packages (from numba>=0.43.0->librosa)
Requirement already satisfied: setuptools in /appl/python/3.6.2/lib/python3.6/site-packages (from numba>=0.43.0->librosa)
Requirement already satisfied: cffi>=1.0 in ./preprocess_stargan_env/lib/python3.6/site-packages (from soundfile>=0.9.0->librosa)
Requirement already satisfied: pycparser in ./preprocess_stargan_env/lib/python3.6/site-packages (from cffi>=1.0->soundfile>=0.9.0->librosa)
Requirement already satisfied: pyworld in ./preprocess_stargan_env/lib/python3.6/site-packages
Requirement already satisfied: numpy in ./preprocess_stargan_env/lib/python3.6/site-packages (from pyworld)
Requirement already satisfied: cython>=0.24.0 in ./preprocess_stargan_env/lib/python3.6/site-packages (from pyworld)
Collecting tqdm
  Downloading https://files.pythonhosted.org/packages/c9/40/058b12e8ba10e35f89c9b1fdfc2d4c7f8c05947df2d5eb3c7b258019fda0/tqdm-4.46.0-py2.py3-none-any.whl (63kB)
Installing collected packages: tqdm
Successfully installed tqdm-4.46.0
number of workers:  25
[0, 0, 0, 0, 0, 0, 0, 0, 0, 0, 0, 0, 0, 0, 0, 0, 0, 0, 0, 0, 0, 0, 0, 0, 0]

------------------------------------------------------------
Sender: LSF System <lsfadmin@n-62-20-4>
Subject: Job 7043377: <Norm> in cluster <dcc> Done

Job <Norm> was submitted from host <n-62-30-6> by user <s183921> in cluster <dcc> at Mon Jun  1 14:23:15 2020
Job was executed on host(s) <4*n-62-20-4>, in queue <gpuv100>, as user <s183921> in cluster <dcc> at Mon Jun  1 14:23:16 2020
</zhome/bd/0/137202> was used as the home directory.
</work1/s183921/fagprojekt2020/preprocess/spraakbanken/stargan> was used as the working directory.
Started at Mon Jun  1 14:23:16 2020
Terminated at Mon Jun  1 16:38:38 2020
Results reported at Mon Jun  1 16:38:38 2020

Your job looked like:

------------------------------------------------------------
# LSBATCH: User input
#!/bin/sh
### General options
###  specify queue --
#BSUB -q gpuv100
### Mulige gpu clusters gpuv100, gpuk80 og gpuk40
### -- Ask for number of cores
#BSUB -n 4
### -- Specify that the process should be run exclusively on a gpu
#BSUB -gpu "num=1:mode=exclusive_process"
### -- set the job Name --
#BSUB -J Norm 
### -- set walltime limit: hh:mm --  maximum 24 hours for GPU-queues right now
#BSUB -W 10:00
# request 10GB of system-memory
#BSUB -R "rusage[mem=10GB]"
### User email address
#BSUB -u s183921@student.dtu.dk
### -- send notification at completion--
##BSUB -N
### -- Specify the output and error file. %J is the job-id --
### -- -o and -e mean append, -oo and -eo mean overwrite --
#BSUB -oo output_%J.out
#BSUB -eo error_%J.err
# -- end of LSF options --

#Load modules
module load python3

python3 -m venv preprocess_stargan_env
source preprocess_stargan_env/bin/activate

pip3 install librosa
pip3 install pyworld
pip3 install tqdm

python3 stargan_preprocess_spraakbanken.py

------------------------------------------------------------

Successfully completed.

Resource usage summary:

    CPU time :                                   31648.19 sec.
    Max Memory :                                 3459 MB
    Average Memory :                             2658.45 MB
    Total Requested Memory :                     40960.00 MB
    Delta Memory :                               37501.00 MB
    Max Swap :                                   -
    Max Processes :                              29
    Max Threads :                                58
    Run time :                                   8122 sec.
    Turnaround time :                            8123 sec.

The output (if any) is above this job summary.



PS:

Read file <error_7043377.err> for stderr output of this job.

