Requirement already satisfied: librosa in ./preprocess_stargan_env/lib/python3.6/site-packages
Requirement already satisfied: numba>=0.43.0 in ./preprocess_stargan_env/lib/python3.6/site-packages (from librosa)
Requirement already satisfied: six>=1.3 in ./preprocess_stargan_env/lib/python3.6/site-packages (from librosa)
Requirement already satisfied: decorator>=3.0.0 in ./preprocess_stargan_env/lib/python3.6/site-packages (from librosa)
Requirement already satisfied: scipy>=1.0.0 in ./preprocess_stargan_env/lib/python3.6/site-packages (from librosa)
Requirement already satisfied: audioread>=2.0.0 in ./preprocess_stargan_env/lib/python3.6/site-packages (from librosa)
Requirement already satisfied: resampy>=0.2.2 in ./preprocess_stargan_env/lib/python3.6/site-packages (from librosa)
Requirement already satisfied: joblib>=0.12 in ./preprocess_stargan_env/lib/python3.6/site-packages (from librosa)
Requirement already satisfied: numpy>=1.15.0 in ./preprocess_stargan_env/lib/python3.6/site-packages (from librosa)
Requirement already satisfied: soundfile>=0.9.0 in ./preprocess_stargan_env/lib/python3.6/site-packages (from librosa)
Requirement already satisfied: scikit-learn!=0.19.0,>=0.14.0 in ./preprocess_stargan_env/lib/python3.6/site-packages (from librosa)
Requirement already satisfied: llvmlite<=0.33.0.dev0,>=0.31.0.dev0 in ./preprocess_stargan_env/lib/python3.6/site-packages (from numba>=0.43.0->librosa)
Requirement already satisfied: setuptools in /appl/python/3.6.2/lib/python3.6/site-packages (from numba>=0.43.0->librosa)
Requirement already satisfied: cffi>=1.0 in ./preprocess_stargan_env/lib/python3.6/site-packages (from soundfile>=0.9.0->librosa)
Requirement already satisfied: threadpoolctl>=2.0.0 in ./preprocess_stargan_env/lib/python3.6/site-packages (from scikit-learn!=0.19.0,>=0.14.0->librosa)
Requirement already satisfied: pycparser in ./preprocess_stargan_env/lib/python3.6/site-packages (from cffi>=1.0->soundfile>=0.9.0->librosa)
Requirement already satisfied: pyworld in ./preprocess_stargan_env/lib/python3.6/site-packages
Requirement already satisfied: numpy in ./preprocess_stargan_env/lib/python3.6/site-packages (from pyworld)
Requirement already satisfied: cython>=0.24.0 in ./preprocess_stargan_env/lib/python3.6/site-packages (from pyworld)
Requirement already satisfied: tqdm in ./preprocess_stargan_env/lib/python3.6/site-packages
number of workers:  10

------------------------------------------------------------
Sender: LSF System <lsfadmin@n-62-11-16>
Subject: Job 7079607: <Norm> in cluster <dcc> Exited

Job <Norm> was submitted from host <n-62-30-1> by user <s183921> in cluster <dcc> at Fri Jun  5 15:55:19 2020
Job was executed on host(s) <4*n-62-11-16>, in queue <gpuv100>, as user <s183921> in cluster <dcc> at Fri Jun  5 15:55:21 2020
</zhome/bd/0/137202> was used as the home directory.
</work1/s183921/fagprojekt2020/preprocess/spraakbanken/stargan> was used as the working directory.
Started at Fri Jun  5 15:55:21 2020
Terminated at Fri Jun  5 18:34:49 2020
Results reported at Fri Jun  5 18:34:49 2020

Your job looked like:

------------------------------------------------------------
# LSBATCH: User input
#!/bin/sh
### General options
###  specify queue --
#BSUB -q gpuv100
### Mulige gpu clusters gpuv100, gpuk80 og gpuk40
### -- Ask for number of cores
#BSUB -n 4
### -- Specify that the process should be run exclusively on a gpu
#BSUB -gpu "num=1:mode=exclusive_process"
### -- set the job Name --
#BSUB -J Norm 
### -- set walltime limit: hh:mm --  maximum 24 hours for GPU-queues right now
#BSUB -W 10:00
# request 10GB of system-memory
#BSUB -R "rusage[mem=10GB]"
### User email address
#BSUB -u s183921@student.dtu.dk
### -- send notification at completion--
##BSUB -N
### -- Specify the output and error file. %J is the job-id --
### -- -o and -e mean append, -oo and -eo mean overwrite --
#BSUB -oo output_%J.out
#BSUB -eo error_%J.err
# -- end of LSF options --

#Load modules
module load python3

python3 -m venv preprocess_stargan_env
source preprocess_stargan_env/bin/activate

pip3 install librosa
pip3 install pyworld
pip3 install tqdm

python3 stargan_preprocess_spraakbanken.py

------------------------------------------------------------

Exited with exit code 1.

Resource usage summary:

    CPU time :                                   36017.00 sec.
    Max Memory :                                 2799 MB
    Average Memory :                             2071.50 MB
    Total Requested Memory :                     40960.00 MB
    Delta Memory :                               38161.00 MB
    Max Swap :                                   -
    Max Processes :                              14
    Max Threads :                                27
    Run time :                                   9568 sec.
    Turnaround time :                            9570 sec.

The output (if any) is above this job summary.



PS:

Read file <error_7079607.err> for stderr output of this job.

