Requirement already satisfied: numpy in ./env/lib/python3.6/site-packages
Requirement already satisfied: matplotlib in ./env/lib/python3.6/site-packages
Requirement already satisfied: python-dateutil>=2.1 in ./env/lib/python3.6/site-packages (from matplotlib)
Requirement already satisfied: cycler>=0.10 in ./env/lib/python3.6/site-packages (from matplotlib)
Requirement already satisfied: kiwisolver>=1.0.1 in ./env/lib/python3.6/site-packages (from matplotlib)
Requirement already satisfied: numpy>=1.11 in ./env/lib/python3.6/site-packages (from matplotlib)
Requirement already satisfied: pyparsing!=2.0.4,!=2.1.2,!=2.1.6,>=2.0.1 in ./env/lib/python3.6/site-packages (from matplotlib)
Requirement already satisfied: six>=1.5 in ./env/lib/python3.6/site-packages (from python-dateutil>=2.1->matplotlib)

------------------------------------------------------------
Sender: LSF System <lsfadmin@n-62-11-16>
Subject: Job 7042877: <Norm> in cluster <dcc> Done

Job <Norm> was submitted from host <n-62-30-6> by user <s183921> in cluster <dcc> at Mon Jun  1 13:56:33 2020
Job was executed on host(s) <4*n-62-11-16>, in queue <gpuv100>, as user <s183921> in cluster <dcc> at Mon Jun  1 13:56:35 2020
</zhome/bd/0/137202> was used as the home directory.
</work1/s183921/fagprojekt2020/preprocess/spraakbanken> was used as the working directory.
Started at Mon Jun  1 13:56:35 2020
Terminated at Mon Jun  1 13:56:43 2020
Results reported at Mon Jun  1 13:56:43 2020

Your job looked like:

------------------------------------------------------------
# LSBATCH: User input
#!/bin/sh
### General options
###  specify queue --
#BSUB -q gpuv100
### Mulige gpu clusters gpuv100, gpuk80 og gpuk40
### -- Ask for number of cores
#BSUB -n 4
### -- Specify that the process should be run exclusively on a gpu
#BSUB -gpu "num=1:mode=exclusive_process"
### -- set the job Name --
#BSUB -J Norm 
### -- set walltime limit: hh:mm --  maximum 24 hours for GPU-queues right now
#BSUB -W 10:00
# request 10GB of system-memory
#BSUB -R "rusage[mem=10GB]"
### User email address
#BSUB -u s183921@student.dtu.dk
### -- send notification at completion--
##BSUB -N
### -- Specify the output and error file. %J is the job-id --
### -- -o and -e mean append, -oo and -eo mean overwrite --
#BSUB -oo output_%J.out
#BSUB -eo error_%J.err
# -- end of LSF options --

#Load modules
module load python3

python3 -m venv env
source env/bin/activate

pip3 install numpy
pip3 install matplotlib

python3 investigate.py

------------------------------------------------------------

Successfully completed.

Resource usage summary:

    CPU time :                                   3.17 sec.
    Max Memory :                                 30 MB
    Average Memory :                             30.00 MB
    Total Requested Memory :                     40960.00 MB
    Delta Memory :                               40930.00 MB
    Max Swap :                                   -
    Max Processes :                              4
    Max Threads :                                5
    Run time :                                   32 sec.
    Turnaround time :                            10 sec.

The output (if any) is above this job summary.



PS:

Read file <error_7042877.err> for stderr output of this job.

