/zhome/bd/0/137202/.lsbatch/1591217089.7064145.shell: line 6: $'\nCode taken directly from StarGAN-Voice-Conversion repo.\n\nModified specifically for Spraakbanken audio data.\nBy August Semrau Andersen for DTU course #02466.\n': command not found
import: unable to open X server `' @ error/import.c/ImportImageCommand/343.
import: unable to open X server `' @ error/import.c/ImportImageCommand/343.
/zhome/bd/0/137202/.lsbatch/1591217089.7064145.shell: line 10: from: command not found
/zhome/bd/0/137202/.lsbatch/1591217089.7064145.shell: line 11: from: command not found
/zhome/bd/0/137202/.lsbatch/1591217089.7064145.shell: line 12: from: command not found
/zhome/bd/0/137202/.lsbatch/1591217089.7064145.shell: line 15: syntax error near unexpected token `('
/zhome/bd/0/137202/.lsbatch/1591217089.7064145.shell: line 15: `def str2bool(v):'

------------------------------------------------------------
Sender: LSF System <lsfadmin@n-62-21-108>
Subject: Job 7064145: <NONAME> in cluster <dcc> Exited

Job <NONAME> was submitted from host <n-62-27-18> by user <s183921> in cluster <dcc> at Wed Jun  3 22:44:49 2020
Job was executed on host(s) <n-62-21-108>, in queue <hpc>, as user <s183921> in cluster <dcc> at Wed Jun  3 22:44:50 2020
</zhome/bd/0/137202> was used as the home directory.
</work1/s183921/fagprojekt2020/vc/stargan> was used as the working directory.
Started at Wed Jun  3 22:44:50 2020
Terminated at Wed Jun  3 22:44:51 2020
Results reported at Wed Jun  3 22:44:51 2020

Your job looked like:

------------------------------------------------------------
# LSBATCH: User input
'''
Code taken directly from StarGAN-Voice-Conversion repo.

Modified specifically for Spraakbanken audio data.
By August Semrau Andersen for DTU course #02466.
'''

import os
import argparse
from solver import Solver
from data_loader import get_loader, TestDataset
from torch.backends import cudnn


def str2bool(v):
    return v.lower() in ('true')

def main(config):
    # For fast training.
    cudnn.benchmark = True

    # Create directories if not exist.
    if not os.path.exists(config.log_dir):
        os.makedirs(config.log_dir)
    if not os.path.exists(config.model_save_dir):
        os.makedirs(config.model_save_dir)
    if not os.path.exists(config.sample_dir):
        os.makedirs(config.sample_dir)

    # Data loader.
    train_loader = get_loader(config.train_data_dir, config.batch_size, 'train', num_workers=config.num_workers)
    test_loader = TestDataset(config.test_data_dir, config.wav_dir, src_spk="r5650082", trg_spk="r5650072")

    # Solver for training and testing StarGAN.
    solver = Solver(train_loader, test_loader, config)

    if config.mode == 'train':
        solver.train()

    # elif config.mode == 'test':
    #     solver.test()


if __name__ == '__main__':
    parser = argparse.ArgumentParser()

    # Model configuration.
    parser.add_argument('--num_speakers', type=int, default=10, help='dimension of speaker labels')  # Specified
    parser.add_argument('--lambda_cls', type=float, default=10, help='weight for domain classification loss')  # Specified
    parser.add_argument('--lambda_rec', type=float, default=10, help='weight for reconstruction loss')  # Specified

(... more ...)
------------------------------------------------------------

Exited with exit code 2.

Resource usage summary:

    CPU time :                                   0.31 sec.
    Max Memory :                                 -
    Average Memory :                             -
    Total Requested Memory :                     1024.00 MB
    Delta Memory :                               -
    Max Swap :                                   -
    Max Processes :                              -
    Max Threads :                                -
    Run time :                                   0 sec.
    Turnaround time :                            2 sec.

The output (if any) is above this job summary.

