Requirement already satisfied: tensorflow in ./preprocess_vae/lib/python3.6/site-packages
Requirement already satisfied: six>=1.10.0 in ./preprocess_vae/lib/python3.6/site-packages (from tensorflow)
Requirement already satisfied: wheel>=0.26 in ./preprocess_vae/lib/python3.6/site-packages (from tensorflow)
Requirement already satisfied: keras-preprocessing>=1.0.5 in ./preprocess_vae/lib/python3.6/site-packages (from tensorflow)
Requirement already satisfied: grpcio>=1.8.6 in ./preprocess_vae/lib/python3.6/site-packages (from tensorflow)
Requirement already satisfied: tensorboard<1.15.0,>=1.14.0 in ./preprocess_vae/lib/python3.6/site-packages (from tensorflow)
Requirement already satisfied: wrapt>=1.11.1 in ./preprocess_vae/lib/python3.6/site-packages (from tensorflow)
Requirement already satisfied: google-pasta>=0.1.6 in ./preprocess_vae/lib/python3.6/site-packages (from tensorflow)
Requirement already satisfied: termcolor>=1.1.0 in ./preprocess_vae/lib/python3.6/site-packages (from tensorflow)
Requirement already satisfied: astor>=0.6.0 in ./preprocess_vae/lib/python3.6/site-packages (from tensorflow)
Requirement already satisfied: gast>=0.2.0 in ./preprocess_vae/lib/python3.6/site-packages (from tensorflow)
Requirement already satisfied: tensorflow-estimator<1.15.0rc0,>=1.14.0rc0 in ./preprocess_vae/lib/python3.6/site-packages (from tensorflow)
Requirement already satisfied: numpy<2.0,>=1.14.5 in ./preprocess_vae/lib/python3.6/site-packages (from tensorflow)
Requirement already satisfied: keras-applications>=1.0.6 in ./preprocess_vae/lib/python3.6/site-packages (from tensorflow)
Requirement already satisfied: protobuf>=3.6.1 in ./preprocess_vae/lib/python3.6/site-packages (from tensorflow)
Requirement already satisfied: absl-py>=0.7.0 in ./preprocess_vae/lib/python3.6/site-packages (from tensorflow)
Requirement already satisfied: markdown>=2.6.8 in ./preprocess_vae/lib/python3.6/site-packages (from tensorboard<1.15.0,>=1.14.0->tensorflow)
Collecting setuptools>=41.0.0 (from tensorboard<1.15.0,>=1.14.0->tensorflow)
  Using cached https://files.pythonhosted.org/packages/95/95/f657b6e17f00c3f35b5f68b10e46c3a43af353d8856bd57bfcfb1dbb3e92/setuptools-47.1.1-py3-none-any.whl
Requirement already satisfied: werkzeug>=0.11.15 in ./preprocess_vae/lib/python3.6/site-packages (from tensorboard<1.15.0,>=1.14.0->tensorflow)
Requirement already satisfied: h5py in ./preprocess_vae/lib/python3.6/site-packages (from keras-applications>=1.0.6->tensorflow)
Requirement already satisfied: importlib-metadata; python_version < "3.8" in ./preprocess_vae/lib/python3.6/site-packages (from markdown>=2.6.8->tensorboard<1.15.0,>=1.14.0->tensorflow)
Requirement already satisfied: zipp>=0.5 in ./preprocess_vae/lib/python3.6/site-packages (from importlib-metadata; python_version < "3.8"->markdown>=2.6.8->tensorboard<1.15.0,>=1.14.0->tensorflow)
Installing collected packages: setuptools
  Found existing installation: setuptools 28.8.0
    Not uninstalling setuptools at /appl/python/3.6.2/lib/python3.6/site-packages, outside environment /work1/s183921/fagprojekt2020/preprocess/spraakbanken/vae/preprocess_vae
Successfully installed setuptools-47.1.1
Requirement already satisfied: jit in ./preprocess_vae/lib/python3.6/site-packages
Requirement already satisfied: numba in ./preprocess_vae/lib/python3.6/site-packages
Requirement already satisfied: numpy>=1.15 in ./preprocess_vae/lib/python3.6/site-packages (from numba)
Requirement already satisfied: setuptools in /appl/python/3.6.2/lib/python3.6/site-packages (from numba)
Requirement already satisfied: llvmlite<=0.33.0.dev0,>=0.31.0.dev0 in ./preprocess_vae/lib/python3.6/site-packages (from numba)
Requirement already satisfied: numpy in ./preprocess_vae/lib/python3.6/site-packages
Requirement already satisfied: librosa in ./preprocess_vae/lib/python3.6/site-packages
Requirement already satisfied: scipy>=1.0.0 in ./preprocess_vae/lib/python3.6/site-packages (from librosa)
Requirement already satisfied: joblib>=0.12 in ./preprocess_vae/lib/python3.6/site-packages (from librosa)
Requirement already satisfied: audioread>=2.0.0 in ./preprocess_vae/lib/python3.6/site-packages (from librosa)
Requirement already satisfied: scikit-learn!=0.19.0,>=0.14.0 in ./preprocess_vae/lib/python3.6/site-packages (from librosa)
Requirement already satisfied: six>=1.3 in ./preprocess_vae/lib/python3.6/site-packages (from librosa)
Requirement already satisfied: numpy>=1.15.0 in ./preprocess_vae/lib/python3.6/site-packages (from librosa)
Requirement already satisfied: decorator>=3.0.0 in ./preprocess_vae/lib/python3.6/site-packages (from librosa)
Requirement already satisfied: soundfile>=0.9.0 in ./preprocess_vae/lib/python3.6/site-packages (from librosa)
Requirement already satisfied: resampy>=0.2.2 in ./preprocess_vae/lib/python3.6/site-packages (from librosa)
Requirement already satisfied: numba>=0.43.0 in ./preprocess_vae/lib/python3.6/site-packages (from librosa)
Requirement already satisfied: threadpoolctl>=2.0.0 in ./preprocess_vae/lib/python3.6/site-packages (from scikit-learn!=0.19.0,>=0.14.0->librosa)
Requirement already satisfied: cffi>=1.0 in ./preprocess_vae/lib/python3.6/site-packages (from soundfile>=0.9.0->librosa)
Requirement already satisfied: llvmlite<=0.33.0.dev0,>=0.31.0.dev0 in ./preprocess_vae/lib/python3.6/site-packages (from numba>=0.43.0->librosa)
Requirement already satisfied: setuptools in /appl/python/3.6.2/lib/python3.6/site-packages (from numba>=0.43.0->librosa)
Requirement already satisfied: pycparser in ./preprocess_vae/lib/python3.6/site-packages (from cffi>=1.0->soundfile>=0.9.0->librosa)
processing train set, 7025 files
processing 0 files
processing 500 files
processing 1000 files
processing 1500 files
processing 2000 files
processing 2500 files
processing 3000 files
processing 3500 files
processing 4000 files
processing 4500 files
processing 5000 files
processing 5500 files
processing 6000 files
processing 6500 files
processing 7000 files
processing 7024 files
processing in_test set, 775 files
processing 0 files
processing 500 files
processing 774 files
processing out_test set, 2817 files
processing 0 files
processing 500 files
processing 1000 files
processing 1500 files
processing 2000 files
processing 2500 files
processing 2816 files
4758 utterances
sample 0 samples
sample 500 samples
sample 1000 samples
sample 1500 samples
sample 2000 samples
sample 2500 samples
sample 3000 samples
sample 3500 samples
sample 4000 samples
sample 4500 samples
sample 5000 samples
sample 5500 samples
sample 6000 samples
sample 6500 samples
sample 7000 samples
sample 7500 samples
sample 8000 samples
sample 8500 samples
sample 9000 samples
sample 9500 samples
sample 10000 samples
sample 10500 samples
sample 11000 samples
sample 11500 samples
sample 12000 samples
sample 12500 samples
sample 13000 samples
sample 13500 samples
sample 14000 samples
sample 14500 samples
sample 15000 samples
sample 15500 samples
sample 16000 samples
sample 16500 samples
sample 17000 samples
sample 17500 samples
sample 18000 samples
sample 18500 samples
sample 19000 samples
sample 19500 samples
sample 20000 samples
sample 20500 samples
sample 21000 samples
sample 21500 samples
sample 22000 samples
sample 22500 samples
sample 23000 samples
sample 23500 samples
sample 24000 samples
sample 24500 samples
sample 25000 samples
sample 25500 samples
sample 26000 samples
sample 26500 samples
sample 27000 samples
sample 27500 samples
sample 28000 samples
sample 28500 samples
sample 29000 samples
sample 29500 samples
sample 30000 samples
sample 30500 samples
sample 31000 samples
sample 31500 samples
sample 32000 samples
sample 32500 samples
sample 33000 samples
sample 33500 samples
sample 34000 samples
sample 34500 samples
sample 35000 samples
sample 35500 samples
sample 36000 samples
sample 36500 samples
sample 37000 samples
sample 37500 samples
sample 38000 samples
sample 38500 samples
sample 39000 samples
sample 39500 samples
sample 40000 samples
sample 40500 samples
sample 41000 samples
sample 41500 samples
sample 42000 samples
sample 42500 samples
sample 43000 samples
sample 43500 samples
sample 44000 samples
sample 44500 samples
sample 45000 samples
sample 45500 samples
sample 46000 samples
sample 46500 samples
sample 47000 samples
sample 47500 samples
sample 48000 samples
sample 48500 samples
sample 49000 samples
sample 49500 samples
sample 50000 samples
sample 50500 samples
sample 51000 samples
sample 51500 samples
sample 52000 samples
sample 52500 samples
sample 53000 samples
sample 53500 samples
sample 54000 samples
sample 54500 samples
sample 55000 samples
sample 55500 samples
sample 56000 samples
sample 56500 samples
sample 57000 samples
sample 57500 samples
sample 58000 samples
sample 58500 samples
sample 59000 samples
sample 59500 samples
sample 60000 samples
sample 60500 samples
sample 61000 samples
sample 61500 samples
sample 62000 samples
sample 62500 samples
sample 63000 samples
sample 63500 samples
sample 64000 samples
sample 64500 samples
sample 65000 samples
sample 65500 samples
sample 66000 samples
sample 66500 samples
sample 67000 samples
sample 67500 samples
sample 68000 samples
sample 68500 samples
sample 69000 samples
sample 69500 samples
sample 70000 samples
sample 70500 samples
sample 71000 samples
sample 71500 samples
sample 72000 samples
sample 72500 samples
sample 73000 samples
sample 73500 samples
sample 74000 samples
sample 74500 samples
sample 75000 samples
sample 75500 samples
sample 76000 samples
sample 76500 samples
sample 77000 samples
sample 77500 samples
sample 78000 samples
sample 78500 samples
sample 79000 samples
sample 79500 samples
sample 80000 samples
sample 80500 samples
sample 81000 samples
sample 81500 samples
sample 82000 samples
sample 82500 samples
sample 83000 samples
sample 83500 samples
sample 84000 samples
sample 84500 samples
sample 85000 samples
sample 85500 samples
sample 86000 samples
sample 86500 samples
sample 87000 samples
sample 87500 samples
sample 88000 samples
sample 88500 samples
sample 89000 samples
sample 89500 samples
sample 90000 samples
sample 90500 samples
sample 91000 samples
sample 91500 samples
sample 92000 samples
sample 92500 samples
sample 93000 samples
sample 93500 samples
sample 94000 samples
sample 94500 samples
sample 95000 samples
sample 95500 samples
sample 96000 samples
sample 96500 samples
sample 97000 samples
sample 97500 samples
sample 98000 samples
sample 98500 samples
sample 99000 samples
sample 99500 samples
499 utterances
sample 0 samples
1883 utterances
sample 0 samples

------------------------------------------------------------
Sender: LSF System <lsfadmin@n-62-20-10>
Subject: Job 7047351: <VAE> in cluster <dcc> Done

Job <VAE> was submitted from host <n-62-30-1> by user <s183921> in cluster <dcc> at Mon Jun  1 18:28:52 2020
Job was executed on host(s) <4*n-62-20-10>, in queue <gpuv100>, as user <s183921> in cluster <dcc> at Mon Jun  1 18:28:53 2020
</zhome/bd/0/137202> was used as the home directory.
</work1/s183921/fagprojekt2020/preprocess/spraakbanken/vae> was used as the working directory.
Started at Mon Jun  1 18:28:53 2020
Terminated at Mon Jun  1 18:55:18 2020
Results reported at Mon Jun  1 18:55:18 2020

Your job looked like:

------------------------------------------------------------
# LSBATCH: User input
#!/bin/sh
### General options
###  specify queue --
#BSUB -q gpuv100
### Mulige gpu clusters gpuv100, gpuk80 og gpuk40
### -- Ask for number of cores
#BSUB -n 4
### -- Specify that the process should be run exclusively on a gpu
#BSUB -gpu "num=1:mode=exclusive_process"
### -- set the job Name --
#BSUB -J VAE 
### -- set walltime limit: hh:mm --  maximum 24 hours for GPU-queues right now
#BSUB -W 10:00
# request 10GB of system-memory
#BSUB -R "rusage[mem=10GB]"
### User email address
#BSUB -u s183921@student.dtu.dk
### -- send notification at completion--
##BSUB -N
### -- Specify the output and error file. %J is the job-id --
### -- -o and -e mean append, -oo and -eo mean overwrite --
#BSUB -oo output_%J.out
#BSUB -eo error_%J.err
# -- end of LSF options --

#Load modules
module load python3

python3 -m venv preprocess_vae
source preprocess_vae/bin/activate

pip3 install tensorflow
pip3 install jit
pip3 install numba
pip3 install numpy
pip3 install librosa

./run.sh

------------------------------------------------------------

Successfully completed.

Resource usage summary:

    CPU time :                                   1276.94 sec.
    Max Memory :                                 4341 MB
    Average Memory :                             2463.48 MB
    Total Requested Memory :                     40960.00 MB
    Delta Memory :                               36619.00 MB
    Max Swap :                                   -
    Max Processes :                              5
    Max Threads :                                6
    Run time :                                   1603 sec.
    Turnaround time :                            1586 sec.

The output (if any) is above this job summary.



PS:

Read file <error_7047351.err> for stderr output of this job.

