Reading speaker ids
Speaker Ids: 
 ['r5650220', 'r5650579', 'r5650257', 'r5650553', 'r5650221', 'r5650467', 'r5650055', 'r5650047', 'r5650046', 'r5650090', 'r5650431', 'r5650068', 'r5650434', 'r5650203', 'r5650299', 'r5650206', 'r5650013', 'r5650411', 'r5650298', 'r5650127', 'r5650432', 'r5650216', 'r5650438', 'r5650277', 'r5650464', 'r5650200', 'r5650184', 'r5650292', 'r5650559', 'r5650122', 'r5650113', 'r5650011', 'r5650262', 'r5650072', 'r5650501', 'r5650475', 'r5650101', 'r5650267', 'r5650208', 'r5650294', 'r5650276', 'r5650258', 'r5650096', 'r5650522', 'r5650568', 'r5650043', 'r5650585', 'r5650195', 'r5650014', 'r5650081', 'r5650210', 'r5650524', 'r5650562', 'r5650069', 'r5650307', 'r5650020', 'r5650286', 'r5650130', 'r5650436', 'r5650523', 'r5650134', 'r5650404', 'r5650572', 'r5650212', 'r5650582', 'r5650473', 'r5650502', 'r5650219', 'r5650138', 'r5650300', 'r5650033', 'r5650064', 'r5650521', 'r5650468', 'r5650576', 'r5650275', 'r5650533', 'r5650536', 'r5650573', 'r5650483', 'r5650547', 'r5650119', 'r5650430', 'r5650065', 'r5650424', 'r5650095', 'r5650451', 'r5650477', 'r5650032', 'r5650044', 'r5650478', 'r5650457', 'r5650278', 'r5650541', 'r5650569', 'r5650435', 'r5650009', 'r5650567', 'r5650462', 'r5650135', 'r5650510', 'r5650297', 'r5650476', 'r5650019', 'r5650410', 'r5650004', 'r5650305', 'r5650460', 'r5650542', 'r5650006', 'r5650571', 'r5650584', 'r5650564', 'r5650075', 'r5650578', 'r5650449', 'r5650537', 'r5650045', 'r5650274', 'r5650266', 'r5650179', 'r5650094', 'r5650551', 'r5650041', 'r5650067', 'r5650031', 'r5650493', 'r5650086', 'r5650048', 'r5650574', 'r5650503', 'r5650288', 'r5650097', 'r5650514', 'r5650077', 'r5650255', 'r5650192', 'r5650222', 'r5650284', 'r5650428', 'r5650452', 'r5650425', 'r5650558', 'r5650471', 'r5650022', 'r5650181', 'r5650088', 'r5650071', 'r5650511', 'r5650123', 'r5650423', 'r5650482', 'r5650403', 'r5650139', 'r5650111', 'r5650281', 'r5650408', 'r5650577', 'r5650527', 'r5650182', 'r5650444', 'r5650099', 'r5650485', 'r5650515', 'r5650027', 'r5650112', 'r5650118', 'r5650133', 'r5650283', 'r5650183', 'r5650165', 'r5650495', 'r5650295', 'r5650260', 'all_meta_data', 'r5650205', 'r5650488', 'r5650440', 'r5650529', 'r5650470', 'r5650166', 'r5650062', 'r5650429', 'r5650282', 'r5650131', 'r5650167', 'r5650265', 'r5650016', 'r5650448', 'r5650023', 'r5650583', 'r5650178', 'r5650197', 'r5650516', 'r5650034', 'r5650039', 'r5650018', 'r5650586', 'r5650308', 'r5650279', 'r5650215', 'r5650504', 'r5650437', 'r5650035', 'r5650053', '.json', 'r5650211', 'r5650491', 'r5650124', 'r5650456', 'r5650003', 'r5650217', 'r5650264', 'r5650526', 'r5650513', 'r5650102', 'r5650481', 'r5650291', 'rename.py', 'r5650106', 'r5650202', 'r5650570', 'r5650038', 'r5650089', 'r5650063', 'r5650465', 'r5650454', 'r5650066', 'r5650128', 'r5650447', 'r5650560', 'r5650268', 'r5650054', 'r5650074', 'r5650484', 'r5650500', 'r5650204', 'r5650557', 'r5650499', 'r5650087', 'r5650214', 'r5650555', 'r5650589', 'r5650417', 'r5650186', 'r5650083', 'r5650287', 'r5650538', 'r5650455', 'r5650489', 'r5650531', 'r5650306', 'r5650309', 'r5650534', 'r5650036', 'r5650098', 'r5650015', 'r5650443', 'r5650543', 'r5650427', 'r5650061', 'r5650426', 'r5650084', 'r5650580', 'r5650566', 'r5650225', 'r5650418', 'r5650060', 'r5650091', 'r5650052', 'r5650530', 'r5650169', 'r5650575', 'r5650461', 'r5650121', 'r5650117', 'r5650012', 'r5650517', 'r5650218', 'r5650051', 'r5650525', 'r5650439', 'r5650196', 'r5650057', 'r5650030', 'r5650507', 'r5650263', 'r5650545', 'r5650115', 'r5650539', 'r5650490', 'r5650114', 'r5650109', 'r5650480', 'r5650137', 'r5650025', 'r5650409', 'r5650103', 'r5650458', 'r5650078', 'r5650207', 'r5650479', 'r5650422', 'r5650093', 'r5650487', 'r5650042', 'r5650005', 'r5650466', 'r5650433', 'r5650486', 'r5650136', 'r5650059', 'r5650168', 'r5650017', 'r5650420', 'r5650007', 'r5650280', 'r5650508', 'r5650082', 'r5650100', 'r5650506', 'r5650058', 'r5650588', 'r5650441', 'r5650008', 'r5650535', 'r5650140', 'r5650472', 'r5650565', 'r5650505', 'r5650116', 'r5650498', 'r5650416', 'r5650469', 'r5650185', 'r5650442', 'r5650590', 'r5650129', 'r5650474', 'r5650180', 'r5650050', 'r5650406', 'r5650076', 'r5650110', 'r5650421', 'r5650549', 'r5650213', 'r5650296', 'r5650040', 'r5650026', 'r5650509', 'r5650546', 'r5650261', 'r5650290', 'r5650550', 'r5650056', 'r5650125', 'r5650028', 'r5650512', 'r5650079', 'r5650021', 'r5650587', 'r5650581', 'r5650132', 'r5650415', 'r5650029', 'r5650073', 'r5650092', 'r5650085', 'r5650285', 'r5650209', 'r5650105', 'r5650223', 'r5650459', 'r5650519', 'r5650520', 'r5650548', 'r5650544', 'r5650080', 'r5650293', 'r5650010', 'r5650108', 'r5650107', 'r5650049', 'r5650532', 'r5650518', 'r5650037', 'r5650463', 'r5650445', 'r5650120', 'r5650492', 'r5650104', 'r5650563', 'r5650540', 'r5650496', 'r5650024', 'r5650224', 'r5650187', 'r5650070']


Train speaker ids: 
 ['r5650423', 'r5650560', 'r5650309', 'r5650444', 'r5650052', 'r5650046', 'r5650508', 'r5650417', 'r5650441', 'r5650210', 'r5650265', 'r5650031', 'r5650300', 'r5650295', 'r5650291', 'r5650114', 'rename.py', 'r5650428', 'r5650292', 'r5650085', 'r5650481', 'r5650223', 'r5650287', 'r5650297', 'r5650106', 'r5650535', 'r5650473', 'r5650186', 'r5650480', 'r5650038', 'r5650166', 'r5650165', 'r5650557', 'r5650543', 'r5650432', 'r5650042', 'r5650470', 'r5650062', 'r5650305', 'r5650019', 'r5650436', 'r5650465', 'r5650139', 'r5650068', 'r5650130', 'r5650541', 'r5650296', 'r5650018', 'r5650168', 'r5650100', 'r5650454', 'r5650525', 'r5650222', 'r5650462', 'r5650120', 'r5650167', 'r5650488', 'r5650514', 'r5650112', 'r5650510', 'r5650563', 'r5650456', 'r5650590', 'r5650559', 'r5650425', 'r5650589', 'r5650070', 'r5650471', 'r5650577', 'r5650135', 'r5650476', 'r5650461', 'r5650500', 'r5650081', 'r5650221', 'r5650524', 'r5650107', 'r5650574', 'r5650307', 'r5650536', 'r5650409', 'r5650581', 'r5650262', 'r5650286', 'r5650562', 'r5650184', 'r5650587', 'r5650122', 'r5650088', 'r5650092', 'r5650422', 'r5650424', 'r5650089', 'r5650024', 'r5650523', 'r5650306', 'r5650435', 'r5650576', 'r5650183', 'r5650267', 'r5650490', 'r5650459', 'r5650429', 'r5650101', 'r5650519', 'r5650551', 'r5650467', 'r5650285', 'r5650108', 'r5650283', 'r5650410', 'r5650073', 'r5650200', 'r5650044', 'r5650182', 'r5650477', 'r5650013', 'r5650113', 'r5650138', 'r5650522', 'r5650571', 'r5650017', 'r5650452', 'r5650264', 'r5650003', 'r5650485', 'r5650502', 'r5650095', 'r5650513', 'r5650579', 'r5650546', 'r5650449', 'r5650258', 'r5650533', 'r5650516', 'r5650506', 'r5650216', 'r5650169', 'r5650131', 'r5650427', 'r5650411', 'r5650526', 'r5650294', 'r5650421', 'r5650482', 'r5650284', 'r5650511', 'r5650121', 'r5650278', 'r5650196', 'r5650105', 'r5650033', 'r5650076', 'r5650268', 'r5650066', 'r5650215', 'r5650014', 'r5650109', 'r5650483', 'r5650404', 'r5650103', 'r5650134', 'r5650202', 'r5650097', 'r5650489', 'r5650566', 'r5650074', 'r5650099', 'r5650056', 'r5650460', 'r5650063', 'r5650058', 'r5650276', 'r5650102', 'r5650043', 'r5650045', 'r5650266', 'r5650119', 'r5650553', 'r5650420', 'r5650008', 'r5650050', 'r5650529', 'r5650080', 'r5650486', 'r5650493', 'r5650016', 'r5650211', 'r5650565', 'r5650040', 'r5650408', 'r5650472', 'r5650406', 'r5650075', 'r5650213', 'r5650403', 'r5650082', 'r5650037', 'r5650078', 'r5650484', 'r5650054', 'r5650187', 'r5650540', 'r5650277', 'r5650209', 'r5650507', 'r5650007', 'r5650178', 'r5650009', 'r5650569', 'r5650275', 'r5650518', 'r5650110', 'r5650582', 'r5650125', 'r5650048', 'r5650028', 'r5650104', 'r5650451', 'r5650578', 'r5650204', 'r5650466', 'r5650023', 'r5650051', 'r5650010', 'r5650032', 'r5650094', 'r5650132', 'r5650123', 'r5650308', 'r5650434', 'r5650079', 'r5650195', 'r5650087', 'r5650124', 'r5650214', 'r5650433', 'r5650281', 'r5650208', 'r5650443', 'r5650426', 'r5650224', 'r5650495', 'r5650478', 'r5650091', 'r5650521', 'r5650415', 'r5650282', 'r5650025', 'r5650558', 'r5650060', 'r5650537', '.json', 'r5650029', 'r5650475', 'r5650127', 'r5650438', 'r5650534', 'r5650520', 'r5650298', 'r5650487', 'r5650026', 'r5650573', 'r5650205', 'r5650491', 'r5650036', 'r5650055', 'r5650086', 'r5650499', 'all_meta_data', 'r5650206', 'r5650192', 'r5650564', 'r5650011', 'r5650549', 'r5650137', 'r5650280', 'r5650006', 'r5650077', 'r5650053', 'r5650197', 'r5650261', 'r5650116', 'r5650117', 'r5650047', 'r5650064', 'r5650545', 'r5650012', 'r5650129', 'r5650447', 'r5650020', 'r5650049', 'r5650448', 'r5650111', 'r5650030', 'r5650550', 'r5650022', 'r5650567', 'r5650572', 'r5650442', 'r5650544', 'r5650034', 'r5650468', 'r5650207', 'r5650136', 'r5650140', 'r5650225', 'r5650133', 'r5650584', 'r5650568', 'r5650588', 'r5650290', 'r5650219', 'r5650065', 'r5650498', 'r5650220', 'r5650570', 'r5650015', 'r5650538', 'r5650061', 'r5650096', 'r5650084', 'r5650583', 'r5650217', 'r5650555', 'r5650218', 'r5650418', 'r5650072', 'r5650039', 'r5650212', 'r5650180', 'r5650279', 'r5650455', 'r5650430', 'r5650288', 'r5650263', 'r5650027', 'r5650439', 'r5650474', 'r5650179', 'r5650539', 'r5650547', 'r5650517', 'r5650274', 'r5650580', 'r5650527', 'r5650035', 'r5650530', 'r5650542', 'r5650501', 'r5650115', 'r5650464', 'r5650090', 'r5650440', 'r5650437', 'r5650496', 'r5650041', 'r5650586', 'r5650532', 'r5650299', 'r5650069', 'r5650457', 'r5650585', 'r5650098', 'r5650257', 'r5650479', 'r5650505', 'r5650118', 'r5650531', 'r5650492', 'r5650005', 'r5650504', 'r5650083', 'r5650445', 'r5650059', 'r5650512', 'r5650548', 'r5650128', 'r5650071']


Test speaker ids: 
 ['r5650255', 'r5650515', 'r5650203', 'r5650509', 'r5650469', 'r5650067', 'r5650431', 'r5650057', 'r5650260', 'r5650181', 'r5650093', 'r5650004', 'r5650021', 'r5650458', 'r5650503', 'r5650185', 'r5650463', 'r5650416', 'r5650293', 'r5650575']
Reading speaker2filenames
Speaker2filenames: 
{speaker2filenames}
processing train set, 102214 files
processing 0 files
processing 500 files
processing 1000 files
processing 1500 files
processing 2000 files
processing 2500 files

------------------------------------------------------------
Sender: LSF System <lsfadmin@n-62-20-2>
Subject: Job 7074171: <VAE_PRE> in cluster <dcc> Exited

Job <VAE_PRE> was submitted from host <n-62-30-4> by user <s183921> in cluster <dcc> at Thu Jun  4 16:10:50 2020
Job was executed on host(s) <4*n-62-20-2>, in queue <gpuv100>, as user <s183921> in cluster <dcc> at Thu Jun  4 16:12:56 2020
</zhome/bd/0/137202> was used as the home directory.
</work1/s183921/fagprojekt2020/preprocess/spraakbanken/vae> was used as the working directory.
Started at Thu Jun  4 16:12:56 2020
Terminated at Thu Jun  4 16:21:06 2020
Results reported at Thu Jun  4 16:21:06 2020

Your job looked like:

------------------------------------------------------------
# LSBATCH: User input
#!/bin/sh
### General options
###  specify queue --
#BSUB -q gpuv100
### Mulige gpu clusters gpuv100, gpuk80 og gpuk40
### -- Ask for number of cores
#BSUB -n 4
### -- Specify that the process should be run exclusively on a gpu
#BSUB -gpu "num=1:mode=exclusive_process"
### -- set the job Name --
#BSUB -J VAE_PRE
### -- set walltime limit: hh:mm --  maximum 24 hours for GPU-queues right now
#BSUB -W 12:00
# request 30GB of system-memory
#BSUB -R "rusage[mem=30GB]"
### User email address
#BSUB -u s183921@student.dtu.dk
### -- send notification at completion--
##BSUB -N
### -- Specify the output and error file. %J is the job-id --
### -- -o and -e mean append, -oo and -eo mean overwrite --
#BSUB -oo output_%J.out
#BSUB -eo error_%J.err
# -- end of LSF options --

#Load modules
module load python3

python3 -m venv preprocess_vae
source preprocess_vae/bin/activate

./run.sh

------------------------------------------------------------

TERM_OWNER: job killed by owner.
Exited with exit code 1.

Resource usage summary:

    CPU time :                                   277.64 sec.
    Max Memory :                                 1485 MB
    Average Memory :                             759.89 MB
    Total Requested Memory :                     122880.00 MB
    Delta Memory :                               121395.00 MB
    Max Swap :                                   -
    Max Processes :                              7
    Max Threads :                                8
    Run time :                                   500 sec.
    Turnaround time :                            616 sec.

The output (if any) is above this job summary.



PS:

Read file <error_7074171.err> for stderr output of this job.

