Requirement already satisfied: tensorflow in ./preprocess_vae/lib/python3.6/site-packages
Requirement already satisfied: gast>=0.2.0 in ./preprocess_vae/lib/python3.6/site-packages (from tensorflow)
Requirement already satisfied: keras-applications>=1.0.6 in ./preprocess_vae/lib/python3.6/site-packages (from tensorflow)
Requirement already satisfied: keras-preprocessing>=1.0.5 in ./preprocess_vae/lib/python3.6/site-packages (from tensorflow)
Requirement already satisfied: grpcio>=1.8.6 in ./preprocess_vae/lib/python3.6/site-packages (from tensorflow)
Requirement already satisfied: astor>=0.6.0 in ./preprocess_vae/lib/python3.6/site-packages (from tensorflow)
Requirement already satisfied: numpy<2.0,>=1.14.5 in ./preprocess_vae/lib/python3.6/site-packages (from tensorflow)
Requirement already satisfied: google-pasta>=0.1.6 in ./preprocess_vae/lib/python3.6/site-packages (from tensorflow)
Requirement already satisfied: protobuf>=3.6.1 in ./preprocess_vae/lib/python3.6/site-packages (from tensorflow)
Requirement already satisfied: termcolor>=1.1.0 in ./preprocess_vae/lib/python3.6/site-packages (from tensorflow)
Requirement already satisfied: wrapt>=1.11.1 in ./preprocess_vae/lib/python3.6/site-packages (from tensorflow)
Requirement already satisfied: six>=1.10.0 in ./preprocess_vae/lib/python3.6/site-packages (from tensorflow)
Requirement already satisfied: tensorflow-estimator<1.15.0rc0,>=1.14.0rc0 in ./preprocess_vae/lib/python3.6/site-packages (from tensorflow)
Requirement already satisfied: wheel>=0.26 in ./preprocess_vae/lib/python3.6/site-packages (from tensorflow)
Requirement already satisfied: absl-py>=0.7.0 in ./preprocess_vae/lib/python3.6/site-packages (from tensorflow)
Requirement already satisfied: tensorboard<1.15.0,>=1.14.0 in ./preprocess_vae/lib/python3.6/site-packages (from tensorflow)
Requirement already satisfied: h5py in ./preprocess_vae/lib/python3.6/site-packages (from keras-applications>=1.0.6->tensorflow)
Requirement already satisfied: setuptools in /appl/python/3.6.2/lib/python3.6/site-packages (from protobuf>=3.6.1->tensorflow)
Requirement already satisfied: markdown>=2.6.8 in ./preprocess_vae/lib/python3.6/site-packages (from tensorboard<1.15.0,>=1.14.0->tensorflow)
Requirement already satisfied: werkzeug>=0.11.15 in ./preprocess_vae/lib/python3.6/site-packages (from tensorboard<1.15.0,>=1.14.0->tensorflow)
Requirement already satisfied: importlib-metadata; python_version < "3.8" in ./preprocess_vae/lib/python3.6/site-packages (from markdown>=2.6.8->tensorboard<1.15.0,>=1.14.0->tensorflow)
Requirement already satisfied: zipp>=0.5 in ./preprocess_vae/lib/python3.6/site-packages (from importlib-metadata; python_version < "3.8"->markdown>=2.6.8->tensorboard<1.15.0,>=1.14.0->tensorflow)
Requirement already satisfied: jit in ./preprocess_vae/lib/python3.6/site-packages
Requirement already satisfied: numba in ./preprocess_vae/lib/python3.6/site-packages
Requirement already satisfied: numpy>=1.15 in ./preprocess_vae/lib/python3.6/site-packages (from numba)
Requirement already satisfied: setuptools in /appl/python/3.6.2/lib/python3.6/site-packages (from numba)
Requirement already satisfied: llvmlite<=0.33.0.dev0,>=0.31.0.dev0 in ./preprocess_vae/lib/python3.6/site-packages (from numba)
Requirement already satisfied: numpy in ./preprocess_vae/lib/python3.6/site-packages
Requirement already satisfied: librosa in ./preprocess_vae/lib/python3.6/site-packages
Requirement already satisfied: numba>=0.43.0 in ./preprocess_vae/lib/python3.6/site-packages (from librosa)
Requirement already satisfied: decorator>=3.0.0 in ./preprocess_vae/lib/python3.6/site-packages (from librosa)
Requirement already satisfied: scipy>=1.0.0 in ./preprocess_vae/lib/python3.6/site-packages (from librosa)
Requirement already satisfied: resampy>=0.2.2 in ./preprocess_vae/lib/python3.6/site-packages (from librosa)
Requirement already satisfied: audioread>=2.0.0 in ./preprocess_vae/lib/python3.6/site-packages (from librosa)
Requirement already satisfied: soundfile>=0.9.0 in ./preprocess_vae/lib/python3.6/site-packages (from librosa)
Requirement already satisfied: scikit-learn!=0.19.0,>=0.14.0 in ./preprocess_vae/lib/python3.6/site-packages (from librosa)
Requirement already satisfied: numpy>=1.15.0 in ./preprocess_vae/lib/python3.6/site-packages (from librosa)
Requirement already satisfied: joblib>=0.12 in ./preprocess_vae/lib/python3.6/site-packages (from librosa)
Requirement already satisfied: six>=1.3 in ./preprocess_vae/lib/python3.6/site-packages (from librosa)
Requirement already satisfied: llvmlite<=0.33.0.dev0,>=0.31.0.dev0 in ./preprocess_vae/lib/python3.6/site-packages (from numba>=0.43.0->librosa)
Requirement already satisfied: setuptools in /appl/python/3.6.2/lib/python3.6/site-packages (from numba>=0.43.0->librosa)
Requirement already satisfied: cffi>=1.0 in ./preprocess_vae/lib/python3.6/site-packages (from soundfile>=0.9.0->librosa)
Requirement already satisfied: threadpoolctl>=2.0.0 in ./preprocess_vae/lib/python3.6/site-packages (from scikit-learn!=0.19.0,>=0.14.0->librosa)
Requirement already satisfied: pycparser in ./preprocess_vae/lib/python3.6/site-packages (from cffi>=1.0->soundfile>=0.9.0->librosa)
